# JRE version: OpenJDK Runtime Environment Homebrew (25.0.2) (build 25.0.2)
# Java VM: OpenJDK 64-Bit Server VM Homebrew (25.0.2, mixed mode, sharing, tiered, compressed oops, compressed class ptrs, g1 gc, linux-amd64)
GC Precious Log:
 CardTable entry size: 512
 Card Set container configuration: InlinePtr #cards 4 size 8 Array Of Cards #cards 16 size 48 Howl #buckets 8 coarsen threshold 3686 Howl Bitmap #cards 512 size 80 coarsen threshold 460 Card regions per heap region 1 cards per card region 4096
 CPUs: 15 total, 15 available
 Memory: 12100M
 Large Page Support: Disabled
 NUMA Support: Disabled
 Compressed Oops: Enabled (Zero based)
 Heap Region Size: 2M
 Heap Min Capacity: 8M
 Heap Initial Capacity: 190M
 Heap Max Capacity: 3026M
 Pre-touch: Disabled
 Parallel Workers: 12
 Concurrent Workers: 3
 Concurrent Refinement Workers: 12
 Periodic GC: Disabled
Heap:
 garbage-first heap   total reserved 3098624K, committed 806912K, used 294019K [0x0000000742e00000, 0x0000000800000000)
  region size 2048K, 90 young (184320K), 1 survivors (2048K)
GC Heap Usage History (20 events):
Event: 7.831 {heap Before GC invocations=1 (full 0):
 garbage-first heap   total reserved 3098624K, committed 196608K, used 96994K [0x0000000742e00000, 0x0000000800000000)
  region size 2048K, 43 young (88064K), 1 survivors (2048K)
}
Event: 7.833 {heap After GC invocations=2 (full 0):
 garbage-first heap   total reserved 3098624K, committed 196608K, used 7355K [0x0000000742e00000, 0x0000000800000000)
  region size 2048K, 2 young (4096K), 2 survivors (4096K)
}
Event: 7.878 {heap Before GC invocations=2 (full 0):
 garbage-first heap   total reserved 3098624K, committed 196608K, used 85179K [0x0000000742e00000, 0x0000000800000000)
  region size 2048K, 3 young (6144K), 2 survivors (4096K)
}
Event: 7.881 {heap After GC invocations=3 (full 0):
 garbage-first heap   total reserved 3098624K, committed 196608K, used 3276K [0x0000000742e00000, 0x0000000800000000)
  region size 2048K, 2 young (4096K), 2 survivors (4096K)
}
Event: 7.891 {heap Before GC invocations=3 (full 0):
 garbage-first heap   total reserved 3098624K, committed 196608K, used 85196K [0x0000000742e00000, 0x0000000800000000)
  region size 2048K, 3 young (6144K), 2 survivors (4096K)
}
Event: 7.893 {heap After GC invocations=4 (full 0):
 garbage-first heap   total reserved 3098624K, committed 196608K, used 3280K [0x0000000742e00000, 0x0000000800000000)
  region size 2048K, 2 young (4096K), 2 survivors (4096K)
}
Event: 7.901 {heap Before GC invocations=4 (full 0):
 garbage-first heap   total reserved 3098624K, committed 196608K, used 85200K [0x0000000742e00000, 0x0000000800000000)
  region size 2048K, 3 young (6144K), 2 survivors (4096K)
}
Event: 7.902 {heap After GC invocations=5 (full 0):
 garbage-first heap   total reserved 3098624K, committed 196608K, used 3280K [0x0000000742e00000, 0x0000000800000000)
  region size 2048K, 2 young (4096K), 2 survivors (4096K)
}
Event: 7.910 {heap Before GC invocations=5 (full 0):
 garbage-first heap   total reserved 3098624K, committed 196608K, used 85200K [0x0000000742e00000, 0x0000000800000000)
  region size 2048K, 3 young (6144K), 2 survivors (4096K)
}
Event: 7.911 {heap After GC invocations=6 (full 0):
 garbage-first heap   total reserved 3098624K, committed 196608K, used 3203K [0x0000000742e00000, 0x0000000800000000)
  region size 2048K, 1 young (2048K), 1 survivors (2048K)
}
Event: 7.920 {heap Before GC invocations=6 (full 0):
 garbage-first heap   total reserved 3098624K, committed 196608K, used 85123K [0x0000000742e00000, 0x0000000800000000)
  region size 2048K, 2 young (4096K), 1 survivors (2048K)
}
Event: 7.922 {heap After GC invocations=7 (full 0):
 garbage-first heap   total reserved 3098624K, committed 403456K, used 3203K [0x0000000742e00000, 0x0000000800000000)
  region size 2048K, 1 young (2048K), 1 survivors (2048K)
}
Event: 7.946 {heap Before GC invocations=7 (full 0):
 garbage-first heap   total reserved 3098624K, committed 403456K, used 179331K [0x0000000742e00000, 0x0000000800000000)
  region size 2048K, 2 young (4096K), 1 survivors (2048K)
}
Event: 7.957 {heap After GC invocations=8 (full 0):
 garbage-first heap   total reserved 3098624K, committed 403456K, used 3303K [0x0000000742e00000, 0x0000000800000000)
  region size 2048K, 2 young (4096K), 2 survivors (4096K)
}
Event: 7.977 {heap Before GC invocations=8 (full 0):
 garbage-first heap   total reserved 3098624K, committed 403456K, used 179431K [0x0000000742e00000, 0x0000000800000000)
  region size 2048K, 3 young (6144K), 2 survivors (4096K)
}
Event: 7.979 {heap After GC invocations=9 (full 0):
 garbage-first heap   total reserved 3098624K, committed 403456K, used 3237K [0x0000000742e00000, 0x0000000800000000)
  region size 2048K, 2 young (4096K), 2 survivors (4096K)
}
Event: 7.997 {heap Before GC invocations=9 (full 0):
 garbage-first heap   total reserved 3098624K, committed 403456K, used 179365K [0x0000000742e00000, 0x0000000800000000)
  region size 2048K, 3 young (6144K), 2 survivors (4096K)
}
Event: 7.999 {heap After GC invocations=10 (full 0):
 garbage-first heap   total reserved 3098624K, committed 403456K, used 3188K [0x0000000742e00000, 0x0000000800000000)
  region size 2048K, 1 young (2048K), 1 survivors (2048K)
}
Event: 8.015 {heap Before GC invocations=10 (full 0):
 garbage-first heap   total reserved 3098624K, committed 403456K, used 179316K [0x0000000742e00000, 0x0000000800000000)
  region size 2048K, 2 young (4096K), 1 survivors (2048K)
}
Event: 8.017 {heap After GC invocations=11 (full 0):
 garbage-first heap   total reserved 3098624K, committed 806912K, used 3203K [0x0000000742e00000, 0x0000000800000000)
  region size 2048K, 1 young (2048K), 1 survivors (2048K)
}

